[debug] [2026-02-13T17:54:22.453Z] ----------------------------------------------------------------------
[debug] [2026-02-13T17:54:22.460Z] Command:       C:\Program Files\nodejs\node.exe C:\Users\HP\AppData\Roaming\npm\node_modules\firebase-tools\lib\bin\firebase.js deploy
[debug] [2026-02-13T17:54:22.461Z] CLI Version:   15.6.0
[debug] [2026-02-13T17:54:22.461Z] Platform:      win32
[debug] [2026-02-13T17:54:22.461Z] Node Version:  v24.13.1
[debug] [2026-02-13T17:54:22.461Z] Time:          Fri Feb 13 2026 23:39:22 GMT+0545 (Nepal Time)
[debug] [2026-02-13T17:54:22.461Z] ----------------------------------------------------------------------
[debug] 
[debug] [2026-02-13T17:54:24.599Z] > command requires scopes: ["email","openid","https://www.googleapis.com/auth/cloudplatformprojects.readonly","https://www.googleapis.com/auth/firebase","https://www.googleapis.com/auth/cloud-platform"]
[debug] [2026-02-13T17:54:24.599Z] > authorizing via signed-in user (gyawalipratyush@gmail.com)
[debug] [2026-02-13T17:54:24.599Z] [iam] checking project stand-strong-d569f for permissions ["firebase.projects.get","firebasehosting.sites.update"]
[debug] [2026-02-13T17:54:24.600Z] Checked if tokens are valid: true, expires at: 1771007988542
[debug] [2026-02-13T17:54:24.600Z] Checked if tokens are valid: true, expires at: 1771007988542
[debug] [2026-02-13T17:54:24.601Z] >>> [apiv2][query] POST https://cloudresourcemanager.googleapis.com/v1/projects/stand-strong-d569f:testIamPermissions [none]
[debug] [2026-02-13T17:54:24.601Z] >>> [apiv2][(partial)header] POST https://cloudresourcemanager.googleapis.com/v1/projects/stand-strong-d569f:testIamPermissions  x-goog-user-project=stand-strong-d569f
[debug] [2026-02-13T17:54:24.601Z] >>> [apiv2][body] POST https://cloudresourcemanager.googleapis.com/v1/projects/stand-strong-d569f:testIamPermissions {"permissions":["firebase.projects.get","firebasehosting.sites.update"]}
[debug] [2026-02-13T17:54:26.265Z] <<< [apiv2][status] POST https://cloudresourcemanager.googleapis.com/v1/projects/stand-strong-d569f:testIamPermissions 200
[debug] [2026-02-13T17:54:26.265Z] <<< [apiv2][body] POST https://cloudresourcemanager.googleapis.com/v1/projects/stand-strong-d569f:testIamPermissions {"permissions":["firebase.projects.get","firebasehosting.sites.update"]}
[debug] [2026-02-13T17:54:26.266Z] Checked if tokens are valid: true, expires at: 1771007988542
[debug] [2026-02-13T17:54:26.266Z] Checked if tokens are valid: true, expires at: 1771007988542
[debug] [2026-02-13T17:54:26.266Z] >>> [apiv2][query] GET https://firebase.googleapis.com/v1beta1/projects/stand-strong-d569f [none]
[debug] [2026-02-13T17:54:26.936Z] <<< [apiv2][status] GET https://firebase.googleapis.com/v1beta1/projects/stand-strong-d569f 200
[debug] [2026-02-13T17:54:26.936Z] <<< [apiv2][body] GET https://firebase.googleapis.com/v1beta1/projects/stand-strong-d569f {"projectId":"stand-strong-d569f","projectNumber":"394815211819","displayName":"Stand-Strong","name":"projects/stand-strong-d569f","resources":{"hostingSite":"stand-strong-d569f"},"state":"ACTIVE","etag":"1_dd342bdc-fdb9-41a4-9da6-3994e72373ea"}
[info] 
[info] === Deploying to 'stand-strong-d569f'...
[info] 
[info] i  deploying hosting 
[debug] [2026-02-13T17:54:26.944Z] Checked if tokens are valid: true, expires at: 1771007988542
[debug] [2026-02-13T17:54:26.944Z] Checked if tokens are valid: true, expires at: 1771007988542
[debug] [2026-02-13T17:54:26.944Z] >>> [apiv2][query] POST https://firebasehosting.googleapis.com/v1beta1/projects/-/sites/stand-strong-d569f/versions [none]
[debug] [2026-02-13T17:54:26.944Z] >>> [apiv2][body] POST https://firebasehosting.googleapis.com/v1beta1/projects/-/sites/stand-strong-d569f/versions {"status":"CREATED","labels":{"deployment-tool":"cli-firebase"}}
[debug] [2026-02-13T17:54:29.461Z] <<< [apiv2][status] POST https://firebasehosting.googleapis.com/v1beta1/projects/-/sites/stand-strong-d569f/versions 200
[debug] [2026-02-13T17:54:29.461Z] <<< [apiv2][body] POST https://firebasehosting.googleapis.com/v1beta1/projects/-/sites/stand-strong-d569f/versions {"name":"projects/394815211819/sites/stand-strong-d569f/versions/48b96cd2f4ce37b6","status":"CREATED","config":{},"labels":{"deployment-tool":"cli-firebase"}}
[info] i  hosting[stand-strong-d569f]: beginning deploy... 
[info] i  hosting[stand-strong-d569f]: found 152263 files in . 
[debug] [2026-02-13T17:54:53.021Z] [hosting] uploading with 200 concurrency
[debug] [2026-02-13T17:54:53.023Z] [hosting] hash cache [] not populated
[debug] [2026-02-13T17:54:53.083Z] Error: EBUSY: resource busy or locked, open 'C:\Users\HP\ntuser.dat.LOG2'
[error] 
[error] Error: An unexpected error has occurred.
[debug] [2026-02-13T17:54:53.084Z] Error: EBUSY: resource busy or locked, open 'C:\Users\HP\ntuser.dat.LOG1'
[error] 
[error] Error: An unexpected error has occurred.
[debug] [2026-02-13T17:54:53.086Z] Error: EBUSY: resource busy or locked, open 'C:\Users\HP\NTUSER.DAT'
[error] 
[error] Error: An unexpected error has occurred.
[debug] [2026-02-13T17:54:53.102Z] Error: EISDIR: illegal operation on a directory, read
[error] 
[error] Error: An unexpected error has occurred.
